<?xml version="1.0" encoding="UTF-8"?>
<!-- Generated by org.testng.reporters.JUnitXMLReporter -->
<testsuite ignored="0" hostname="Natalias-MacBook-Air.local" failures="1" tests="12" name="Command line test" time="1.259" errors="0" timestamp="2023-03-07T18:03:08 CST">
  <testcase classname="mentoringWithKuba.LambdaTest" name="ValidateEmailAndName" time="1.232">
    <failure type="org.openqa.selenium.remote.http.ConnectionFailedException" message="Unable to establish websocket connection to http://localhost:59311/devtools/browser/cdd4e8ab-2c7f-494b-a42e-004c7f378587
Build info: version: &amp;apos;4.7.2&amp;apos;, revision: &amp;apos;4d4020c3b7&amp;apos;
System info: os.name: &amp;apos;Mac OS X&amp;apos;, os.arch: &amp;apos;aarch64&amp;apos;, os.version: &amp;apos;12.5&amp;apos;, java.version: &amp;apos;11.0.16.1&amp;apos;
Driver info: driver.version: ChromeDriver">
      <![CDATA[org.openqa.selenium.remote.http.ConnectionFailedException: Unable to establish websocket connection to http://localhost:59311/devtools/browser/cdd4e8ab-2c7f-494b-a42e-004c7f378587
Build info: version: '4.7.2', revision: '4d4020c3b7'
System info: os.name: 'Mac OS X', os.arch: 'aarch64', os.version: '12.5', java.version: '11.0.16.1'
Driver info: driver.version: ChromeDriver
at org.openqa.selenium.remote.http.netty.NettyWebSocket.<init>(NettyWebSocket.java:102)
at org.openqa.selenium.remote.http.netty.NettyWebSocket.lambda$create$3(NettyWebSocket.java:128)
at org.openqa.selenium.remote.http.netty.NettyClient.openSocket(NettyClient.java:107)
at org.openqa.selenium.devtools.Connection.<init>(Connection.java:78)
at org.openqa.selenium.chromium.ChromiumDriver.lambda$new$2(ChromiumDriver.java:116)
at java.base/java.util.Optional.map(Optional.java:265)
at org.openqa.selenium.chromium.ChromiumDriver.<init>(ChromiumDriver.java:114)
at org.openqa.selenium.chrome.ChromeDriver.<init>(ChromeDriver.java:82)
at org.openqa.selenium.chrome.ChromeDriver.<init>(ChromeDriver.java:50)
at mentoringWithKuba.LambdaTest.ValidateEmailAndName(LambdaTest.java:20)
at java.base/java.util.ArrayList.forEach(ArrayList.java:1541)
... Removed 37 stack frames]]>
    </failure>
  </testcase> <!-- ValidateEmailAndName -->
  <testcase classname="TestNG.TestNGAssertion" name="validAteNegativeWithNegative" time="0.002"/>
  <testcase classname="TestNG.TestNGAssertion" name="validateMultiplication" time="0.001"/>
  <testcase classname="TestNG.TestNGAssertion" name="validateNegativeWithPositive" time="0.0"/>
  <testcase classname="TestNG.TestNGAssertion" name="validateZero" time="0.0"/>
  <testcase classname="TestNG.TestNG_Intro" name="test2" time="0.0"/>
  <testcase classname="TestNG.TestNG_Intro" name="test2" time="0.0"/>
  <testcase classname="TestNG.TestNG_Intro" name="test2" time="0.0"/>
  <testcase classname="TestNG.TestNG_Intro" name="test2" time="0.0"/>
  <testcase classname="TestNG.TestNG_Intro" name="test2" time="0.001"/>
  <testcase classname="TestNG.TestNG_Intro" name="test1" time="0.0"/>
  <testcase classname="TestNG.TestNG_Intro" name="test3" time="0.0"/>
</testsuite> <!-- Command line test -->
